

Microchip Technology PIC18 LITE Macro Assembler V1.35 build -356382666 
                                                                                               Fri Sep 09 17:25:23 2016

Microchip Technology Omniscient Code Generator v1.35 (Free mode) build 201507080246
     1                           	processor	18F4520
     2                           	fnconf	rparam,??,?,0
     3                           	opt	pw 120
     4                           	opt	lm
     5                           	psect	cinit,global,reloc=2,class=CODE,delta=1
     6                           	psect	cstackCOMRAM,global,class=COMRAM,space=1,delta=1
     7                           	psect	text0,global,reloc=2,class=CODE,delta=1
     8                           	psect	text1,global,reloc=2,class=CODE,delta=1
     9                           	psect	intsave_regs,global,class=BIGRAM,space=1,delta=1
    10                           	psect	rparam,global,class=COMRAM,space=1,delta=1
    11  0000                     _ADCON1	set	4033
    12  0000                     _PORTAbits	set	3968
    13  0000                     _PORTB	set	3969
    14  0000                     _TRISA	set	3986
    15  0000                     _TRISB	set	3987
    16                           
    17                           ; #config settings
    18  0000                     
    19                           	psect	cinit
    20  007FD8                     __pcinit:
    21                           	opt stack 0
    22  007FD8                     start_initialization:
    23                           	opt stack 0
    24  007FD8                     __initialization:
    25                           	opt stack 0
    26  007FD8                     end_of_initialization:
    27                           	opt stack 0
    28  007FD8                     __end_of__initialization:
    29                           	opt stack 0
    30  007FD8  0100               	movlb	0
    31  007FDA  EFF7  F03F         	goto	_main	;jump to C main() function
    32                           
    33                           	psect	cstackCOMRAM
    34  000001                     __pcstackCOMRAM:
    35                           	opt stack 0
    36  000001                     main@count:
    37                           	opt stack 0
    38                           
    39                           ; 1 bytes @ 0x0
    40  000001                     	ds	1
    41                           
    42 ;;
    43 ;;Main: autosize = 0, tempsize = 0, incstack = 0, save=0
    44 ;;
    45 ;; *************** function _main *****************
    46 ;; Defined at:
    47 ;;		line 43 in file "car1.c"
    48 ;; Parameters:    Size  Location     Type
    49 ;;		None
    50 ;; Auto vars:     Size  Location     Type
    51 ;;  count           1    0[COMRAM] unsigned char 
    52 ;; Return value:  Size  Location     Type
    53 ;;		None               void
    54 ;; Registers used:
    55 ;;		wreg, status,2, status,0, cstack
    56 ;; Tracked objects:
    57 ;;		On entry : 0/0
    58 ;;		On exit  : 0/0
    59 ;;		Unchanged: 0/0
    60 ;; Data sizes:     COMRAM   BANK0   BANK1   BANK2   BANK3   BANK4   BANK5
    61 ;;      Params:         0       0       0       0       0       0       0
    62 ;;      Locals:         1       0       0       0       0       0       0
    63 ;;      Temps:          0       0       0       0       0       0       0
    64 ;;      Totals:         1       0       0       0       0       0       0
    65 ;;Total ram usage:        1 bytes
    66 ;; Hardware stack levels required when called:    1
    67 ;; This function calls:
    68 ;;		_Initial
    69 ;; This function is called by:
    70 ;;		Startup code after reset
    71 ;; This function uses a non-reentrant model
    72 ;;
    73                           
    74                           	psect	text0
    75  007FEE                     __ptext0:
    76                           	opt stack 0
    77  007FEE                     _main:
    78                           	opt stack 30
    79                           
    80                           ;car1.c: 45: unsigned char count = 0;
    81                           
    82                           ;incstack = 0
    83  007FEE  0E00               	movlw	0
    84  007FF0  6E01               	movwf	main@count,c
    85                           
    86                           ;car1.c: 46: Initial();
    87  007FF2  ECEF  F03F         	call	_Initial	;wreg free
    88  007FF6                     l628:
    89                           
    90                           ;car1.c: 50: {
    91                           ;car1.c: 51: if (PORTAbits.RA0)
    92  007FF6  B080               	btfsc	3968,0,c	;volatile
    93                           
    94                           ;car1.c: 52: count++;
    95  007FF8  2A01               	incf	main@count,f,c
    96                           
    97                           ;car1.c: 53: PORTB = count;
    98  007FFA  C001  FF81         	movff	main@count,3969	;volatile
    99  007FFE  D7FB               	goto	l628
   100  008000                     __end_of_main:
   101                           	opt stack 0
   102                           
   103 ;; *************** function _Initial *****************
   104 ;; Defined at:
   105 ;;		line 65 in file "car1.c"
   106 ;; Parameters:    Size  Location     Type
   107 ;;		None
   108 ;; Auto vars:     Size  Location     Type
   109 ;;		None
   110 ;; Return value:  Size  Location     Type
   111 ;;		None               void
   112 ;; Registers used:
   113 ;;		wreg, status,2
   114 ;; Tracked objects:
   115 ;;		On entry : 0/0
   116 ;;		On exit  : 0/0
   117 ;;		Unchanged: 0/0
   118 ;; Data sizes:     COMRAM   BANK0   BANK1   BANK2   BANK3   BANK4   BANK5
   119 ;;      Params:         0       0       0       0       0       0       0
   120 ;;      Locals:         0       0       0       0       0       0       0
   121 ;;      Temps:          0       0       0       0       0       0       0
   122 ;;      Totals:         0       0       0       0       0       0       0
   123 ;;Total ram usage:        0 bytes
   124 ;; Hardware stack levels used:    1
   125 ;; This function calls:
   126 ;;		Nothing
   127 ;; This function is called by:
   128 ;;		_main
   129 ;; This function uses a non-reentrant model
   130 ;;
   131                           
   132                           	psect	text1
   133  007FDE                     __ptext1:
   134                           	opt stack 0
   135  007FDE                     _Initial:
   136                           	opt stack 30
   137                           
   138                           ;car1.c: 68: ADCON1 = 0x0f;
   139                           
   140                           ;incstack = 0
   141  007FDE  0E0F               	movlw	15
   142  007FE0  6EC1               	movwf	4033,c	;volatile
   143                           
   144                           ;car1.c: 70: TRISA = 0xff;
   145  007FE2  6892               	setf	3986,c	;volatile
   146                           
   147                           ;car1.c: 71: TRISB = 0x00;
   148  007FE4  0E00               	movlw	0
   149  007FE6  6E93               	movwf	3987,c	;volatile
   150                           
   151                           ;car1.c: 72: PORTB = 0x00;
   152  007FE8  0E00               	movlw	0
   153  007FEA  6E81               	movwf	3969,c	;volatile
   154  007FEC  0012               	return		;funcret
   155  007FEE                     __end_of_Initial:
   156                           	opt stack 0
   157  0000                     
   158                           	psect	rparam


Data Sizes:
    Strings     0
    Constant    0
    Data        0
    BSS         0
    Persistent  0
    Stack       0

Auto Spaces:
    Space          Size  Autos    Used
    COMRAM          127      1       1
    BANK0           128      0       0
    BANK1           256      0       0
    BANK2           256      0       0
    BANK3           256      0       0
    BANK4           256      0       0
    BANK5           256      0       0

Pointer List with Targets:

    None.

Critical Paths under _main in COMRAM

    None.

Critical Paths under _main in BANK0

    None.

Critical Paths under _main in BANK1

    None.

Critical Paths under _main in BANK2

    None.

Critical Paths under _main in BANK3

    None.

Critical Paths under _main in BANK4

    None.

Critical Paths under _main in BANK5

    None.

Call Graph Tables:

 ---------------------------------------------------------------------------------
 (Depth) Function   	        Calls       Base Space   Used Autos Params    Refs
 ---------------------------------------------------------------------------------
 (0) _main                                                 1     1      0      15
                                              0 COMRAM     1     1      0
                            _Initial
 ---------------------------------------------------------------------------------
 (1) _Initial                                              0     0      0       0
 ---------------------------------------------------------------------------------
 Estimated maximum stack depth 1
 ---------------------------------------------------------------------------------

 Call Graph Graphs:

 _main (ROOT)
   _Initial

 Address spaces:
Name               Size   Autos  Total    Cost      Usage
BITCOMRAM           7F      0       0       0        0.0%
EEDATA             100      0       0       0        0.0%
NULL                 0      0       0       0        0.0%
CODE                 0      0       0       0        0.0%
COMRAM              7F      1       1       1        0.8%
STACK                0      0       0       2        0.0%
DATA                 0      0       0       3        0.0%
BITBANK0            80      0       0       4        0.0%
BANK0               80      0       0       5        0.0%
BITBANK1           100      0       0       6        0.0%
BANK1              100      0       0       7        0.0%
BITBANK2           100      0       0       8        0.0%
BANK2              100      0       0       9        0.0%
BITBANK3           100      0       0      10        0.0%
BANK3              100      0       0      11        0.0%
BITBANK4           100      0       0      12        0.0%
BANK4              100      0       0      13        0.0%
BANK5              100      0       0      14        0.0%
ABS                  0      0       0      15        0.0%
BITBANK5           100      0       0      16        0.0%
BIGRAM             5FF      0       0      17        0.0%
BITSFR               0      0       0      40        0.0%
SFR                  0      0       0      40        0.0%


Microchip Technology PIC18 Macro Assembler V1.35 build -356382666 
Symbol Table                                                                                   Fri Sep 09 17:25:23 2016

            __CFG_BORV$3 000000             __CFG_CP0$OFF 000000             __CFG_CP1$OFF 000000  
           __CFG_CP2$OFF 000000             __CFG_CP3$OFF 000000              __CFG_OSC$HS 000000  
                    l628 7FF6             __CFG_CPB$OFF 000000             __CFG_CPD$OFF 000000  
           __CFG_LVP$OFF 000000             __CFG_WDT$OFF 000000                     _main 7FEE  
                   start 0000            __CFG_IESO$OFF 000000            __CFG_MCLRE$ON 000000  
           ___param_bank 000010          __end_of_Initial 7FEE                    ?_main 0001  
                  _PORTB 000F81                    _TRISA 000F92                    _TRISB 000F93  
          __CFG_PWRT$OFF 000000            __CFG_WRT0$OFF 000000            __CFG_WRT1$OFF 000000  
          __CFG_WRT2$OFF 000000            __CFG_WRT3$OFF 000000           __CFG_EBTR0$OFF 000000  
         __CFG_FCMEN$OFF 000000           __CFG_EBTR1$OFF 000000           __CFG_EBTR2$OFF 000000  
         __CFG_EBTR3$OFF 000000            __CFG_WRTB$OFF 000000            __CFG_WRTC$OFF 000000  
          __CFG_WRTD$OFF 000000           __CFG_EBTRB$OFF 000000           __CFG_BOREN$OFF 000000  
        __initialization 7FD8             __end_of_main 8000                   ??_main 0001  
          __activetblptr 000000                   _ADCON1 000FC1                ??_Initial 0001  
         __CFG_XINST$OFF 000000           __CFG_STVREN$ON 000000               __accesstop 0080  
__end_of__initialization 7FD8          __CFG_PBADEN$OFF 000000            ___rparam_used 000001  
         __pcstackCOMRAM 0001                  _Initial 7FDE                  __Hparam 0000  
                __Lparam 0000                  __pcinit 7FD8                  __ramtop 0600  
                __ptext0 7FEE                  __ptext1 7FDE     end_of_initialization 7FD8  
              _PORTAbits 000F80      start_initialization 7FD8         __CFG_LPT1OSC$OFF 000000  
               ?_Initial 0001        __CFG_CCP2MX$PORTC 000000         __CFG_WDTPS$32768 000000  
              main@count 0001                 __Hrparam 0000         __size_of_Initial 0010  
               __Lrparam 0000            __size_of_main 0012  
