

Microchip Technology PIC18 LITE Macro Assembler V1.35 build -356382666 
                                                                                               Thu Sep 08 10:17:45 2016

Microchip Technology Omniscient Code Generator v1.35 (Free mode) build 201507080246
     1                           	processor	18F4520
     2                           	fnconf	rparam,??,?,0
     3                           	opt	pw 120
     4                           	opt	lm
     5                           	psect	cinit,global,reloc=2,class=CODE,delta=1
     6                           	psect	cstackCOMRAM,global,class=COMRAM,space=1,delta=1
     7                           	psect	text0,global,reloc=2,class=CODE,delta=1
     8                           	psect	text1,global,reloc=2,class=CODE,delta=1
     9                           	psect	intsave_regs,global,class=BIGRAM,space=1,delta=1
    10                           	psect	rparam,global,class=COMRAM,space=1,delta=1
    11  0000                     _PORTB	set	3969
    12  0000                     _TRISB	set	3987
    13                           
    14                           ; #config settings
    15  0000                     
    16                           	psect	cinit
    17  007FB6                     __pcinit:
    18                           	opt stack 0
    19  007FB6                     start_initialization:
    20                           	opt stack 0
    21  007FB6                     __initialization:
    22                           	opt stack 0
    23  007FB6                     end_of_initialization:
    24                           	opt stack 0
    25  007FB6                     __end_of__initialization:
    26                           	opt stack 0
    27  007FB6  0100               	movlb	0
    28  007FB8  EFEE  F03F         	goto	_main	;jump to C main() function
    29                           
    30                           	psect	cstackCOMRAM
    31  000001                     __pcstackCOMRAM:
    32                           	opt stack 0
    33  000001                     ??_delay_1s:
    34  000001                     
    35                           ; 0 bytes @ 0x0
    36  000001                     	ds	1
    37  000002                     delay_1s@i:
    38                           	opt stack 0
    39                           
    40                           ; 1 bytes @ 0x1
    41  000002                     	ds	1
    42  000003                     main@i:
    43                           	opt stack 0
    44                           
    45                           ; 1 bytes @ 0x2
    46  000003                     	ds	1
    47                           
    48 ;;
    49 ;;Main: autosize = 0, tempsize = 0, incstack = 0, save=0
    50 ;;
    51 ;; *************** function _main *****************
    52 ;; Defined at:
    53 ;;		line 27 in file "led1.c"
    54 ;; Parameters:    Size  Location     Type
    55 ;;		None
    56 ;; Auto vars:     Size  Location     Type
    57 ;;  i               1    2[COMRAM] unsigned char 
    58 ;; Return value:  Size  Location     Type
    59 ;;		None               void
    60 ;; Registers used:
    61 ;;		wreg, status,2, status,0, cstack
    62 ;; Tracked objects:
    63 ;;		On entry : 0/0
    64 ;;		On exit  : 0/0
    65 ;;		Unchanged: 0/0
    66 ;; Data sizes:     COMRAM   BANK0   BANK1   BANK2   BANK3   BANK4   BANK5
    67 ;;      Params:         0       0       0       0       0       0       0
    68 ;;      Locals:         1       0       0       0       0       0       0
    69 ;;      Temps:          0       0       0       0       0       0       0
    70 ;;      Totals:         1       0       0       0       0       0       0
    71 ;;Total ram usage:        1 bytes
    72 ;; Hardware stack levels required when called:    1
    73 ;; This function calls:
    74 ;;		_delay_1s
    75 ;; This function is called by:
    76 ;;		Startup code after reset
    77 ;; This function uses a non-reentrant model
    78 ;;
    79                           
    80                           	psect	text0
    81  007FDC                     __ptext0:
    82                           	opt stack 0
    83  007FDC                     _main:
    84                           	opt stack 30
    85                           
    86                           ;led1.c: 28: unsigned char i=0;
    87                           
    88                           ;incstack = 0
    89  007FDC  0E00               	movlw	0
    90  007FDE  6E03               	movwf	main@i,c
    91                           
    92                           ;led1.c: 30: TRISB = 0;
    93  007FE0  0E00               	movlw	0
    94  007FE2  6E93               	movwf	3987,c	;volatile
    95                           
    96                           ;led1.c: 32: PORTB = 0x5A;
    97  007FE4  0E5A               	movlw	90
    98  007FE6  6E81               	movwf	3969,c	;volatile
    99  007FE8                     l11:
   100                           
   101                           ;led1.c: 39: {
   102                           ;led1.c: 41: PORTB = 0x0F;
   103  007FE8  0E0F               	movlw	15
   104  007FEA  6E81               	movwf	3969,c	;volatile
   105                           
   106                           ;led1.c: 42: delay_1s();
   107  007FEC  ECDE  F03F         	call	_delay_1s	;wreg free
   108                           
   109                           ;led1.c: 46: PORTB = 0xF0;
   110  007FF0  0EF0               	movlw	240
   111  007FF2  6E81               	movwf	3969,c	;volatile
   112                           
   113                           ;led1.c: 47: delay_1s();
   114  007FF4  ECDE  F03F         	call	_delay_1s	;wreg free
   115                           
   116                           ;led1.c: 49: PORTB = 0xFF;
   117  007FF8  6881               	setf	3969,c	;volatile
   118                           
   119                           ;led1.c: 50: delay_1s();
   120  007FFA  ECDE  F03F         	call	_delay_1s	;wreg free
   121  007FFE  D7F4               	goto	l11
   122  008000                     __end_of_main:
   123                           	opt stack 0
   124                           
   125 ;; *************** function _delay_1s *****************
   126 ;; Defined at:
   127 ;;		line 58 in file "led1.c"
   128 ;; Parameters:    Size  Location     Type
   129 ;;		None
   130 ;; Auto vars:     Size  Location     Type
   131 ;;  i               1    1[COMRAM] unsigned char 
   132 ;; Return value:  Size  Location     Type
   133 ;;		None               void
   134 ;; Registers used:
   135 ;;		wreg, status,2, status,0
   136 ;; Tracked objects:
   137 ;;		On entry : 0/0
   138 ;;		On exit  : 0/0
   139 ;;		Unchanged: 0/0
   140 ;; Data sizes:     COMRAM   BANK0   BANK1   BANK2   BANK3   BANK4   BANK5
   141 ;;      Params:         0       0       0       0       0       0       0
   142 ;;      Locals:         1       0       0       0       0       0       0
   143 ;;      Temps:          1       0       0       0       0       0       0
   144 ;;      Totals:         2       0       0       0       0       0       0
   145 ;;Total ram usage:        2 bytes
   146 ;; Hardware stack levels used:    1
   147 ;; This function calls:
   148 ;;		Nothing
   149 ;; This function is called by:
   150 ;;		_main
   151 ;; This function uses a non-reentrant model
   152 ;;
   153                           
   154                           	psect	text1
   155  007FBC                     __ptext1:
   156                           	opt stack 0
   157  007FBC                     _delay_1s:
   158                           	opt stack 30
   159                           
   160                           ;led1.c: 60: unsigned char i;
   161                           ;led1.c: 61: for (i=0;i<25;i++)
   162                           
   163                           ;incstack = 0
   164  007FBC  0E00               	movlw	0
   165  007FBE  6E02               	movwf	delay_1s@i,c
   166  007FC0                     l619:
   167  007FC0  0E18               	movlw	24
   168  007FC2  6402               	cpfsgt	delay_1s@i,c
   169  007FC4  D001               	goto	l623
   170  007FC6  0012               	return	
   171  007FC8                     l623:
   172                           
   173                           ;led1.c: 62: _delay((unsigned long)((40)*(19660800/4000.0)));
   174  007FC8  0E00               	movlw	0
   175  007FCA  6E01               	movwf	??_delay_1s& (0+255),c
   176  007FCC  0E54               	movlw	84
   177  007FCE                     u37:
   178  007FCE  2EE8               	decfsz	wreg,f,c
   179  007FD0  D7FE               	goto	u37
   180  007FD2  2E01               	decfsz	??_delay_1s& (0+255),f,c
   181  007FD4  D7FC               	goto	u37
   182  007FD6  D000               	nop2	
   183  007FD8  2A02               	incf	delay_1s@i,f,c
   184  007FDA  D7F2               	goto	l619
   185  007FDC                     __end_of_delay_1s:
   186                           	opt stack 0
   187  0000                     wreg	equ	0xFE8
   188                           wreg	equ	0xFE8
   189                           
   190                           	psect	rparam
   191  0000                     wreg	equ	0xFE8


Data Sizes:
    Strings     0
    Constant    0
    Data        0
    BSS         0
    Persistent  0
    Stack       0

Auto Spaces:
    Space          Size  Autos    Used
    COMRAM          127      3       3
    BANK0           128      0       0
    BANK1           256      0       0
    BANK2           256      0       0
    BANK3           256      0       0
    BANK4           256      0       0
    BANK5           256      0       0

Pointer List with Targets:

    None.

Critical Paths under _main in COMRAM

    _main->_delay_1s

Critical Paths under _main in BANK0

    None.

Critical Paths under _main in BANK1

    None.

Critical Paths under _main in BANK2

    None.

Critical Paths under _main in BANK3

    None.

Critical Paths under _main in BANK4

    None.

Critical Paths under _main in BANK5

    None.

Call Graph Tables:

 ---------------------------------------------------------------------------------
 (Depth) Function   	        Calls       Base Space   Used Autos Params    Refs
 ---------------------------------------------------------------------------------
 (0) _main                                                 1     1      0      30
                                              2 COMRAM     1     1      0
                           _delay_1s
 ---------------------------------------------------------------------------------
 (1) _delay_1s                                             2     2      0      30
                                              0 COMRAM     2     2      0
 ---------------------------------------------------------------------------------
 Estimated maximum stack depth 1
 ---------------------------------------------------------------------------------

 Call Graph Graphs:

 _main (ROOT)
   _delay_1s

 Address spaces:
Name               Size   Autos  Total    Cost      Usage
BITCOMRAM           7F      0       0       0        0.0%
EEDATA             100      0       0       0        0.0%
NULL                 0      0       0       0        0.0%
CODE                 0      0       0       0        0.0%
COMRAM              7F      3       3       1        2.4%
STACK                0      0       0       2        0.0%
DATA                 0      0       0       3        0.0%
BITBANK0            80      0       0       4        0.0%
BANK0               80      0       0       5        0.0%
BITBANK1           100      0       0       6        0.0%
BANK1              100      0       0       7        0.0%
BITBANK2           100      0       0       8        0.0%
BANK2              100      0       0       9        0.0%
BITBANK3           100      0       0      10        0.0%
BANK3              100      0       0      11        0.0%
BITBANK4           100      0       0      12        0.0%
BANK4              100      0       0      13        0.0%
BANK5              100      0       0      14        0.0%
ABS                  0      0       0      15        0.0%
BITBANK5           100      0       0      16        0.0%
BIGRAM             5FF      0       0      17        0.0%
BITSFR               0      0       0      40        0.0%
SFR                  0      0       0      40        0.0%


Microchip Technology PIC18 Macro Assembler V1.35 build -356382666 
Symbol Table                                                                                   Thu Sep 08 10:17:45 2016

                     l11 7FE8                       u37 7FCE              __CFG_BORV$3 000000  
           __CFG_CP0$OFF 000000             __CFG_CP1$OFF 000000             __CFG_CP2$OFF 000000  
           __CFG_CP3$OFF 000000              __CFG_OSC$HS 000000                      l623 7FC8  
                    l619 7FC0             __CFG_CPB$OFF 000000             __CFG_CPD$OFF 000000  
                    wreg 000FE8             __CFG_LVP$OFF 000000             __CFG_WDT$OFF 000000  
                   _main 7FDC                     start 0000            __CFG_IESO$OFF 000000  
          __CFG_MCLRE$ON 000000             ___param_bank 000010                    ?_main 0001  
                  _PORTB 000F81                    _TRISB 000F93            __CFG_PWRT$OFF 000000  
          __CFG_WRT0$OFF 000000            __CFG_WRT1$OFF 000000            __CFG_WRT2$OFF 000000  
          __CFG_WRT3$OFF 000000           __CFG_EBTR0$OFF 000000           __CFG_FCMEN$OFF 000000  
         __CFG_EBTR1$OFF 000000           __CFG_EBTR2$OFF 000000           __CFG_EBTR3$OFF 000000  
          __CFG_WRTB$OFF 000000            __CFG_WRTC$OFF 000000            __CFG_WRTD$OFF 000000  
         __CFG_EBTRB$OFF 000000                    main@i 0003           __CFG_BOREN$OFF 000000  
        __initialization 7FB6             __end_of_main 8000                   ??_main 0003  
          __activetblptr 000000         __end_of_delay_1s 7FDC           __CFG_XINST$OFF 000000  
         __CFG_STVREN$ON 000000               __accesstop 0080  __end_of__initialization 7FB6  
        __CFG_PBADEN$OFF 000000            ___rparam_used 000001           __pcstackCOMRAM 0001  
              ?_delay_1s 0001                  __Hparam 0000                  __Lparam 0000  
                __pcinit 7FB6                  __ramtop 0600                  __ptext0 7FDC  
                __ptext1 7FBC               ??_delay_1s 0001     end_of_initialization 7FB6  
    start_initialization 7FB6         __CFG_LPT1OSC$OFF 000000        __size_of_delay_1s 0020  
      __CFG_CCP2MX$PORTC 000000                delay_1s@i 0002         __CFG_WDTPS$32768 000000  
               __Hrparam 0000                 __Lrparam 0000                 _delay_1s 7FBC  
          __size_of_main 0024  
